ARM GAS  C:\Users\victo\AppData\Local\Temp\ccfV08Qi.s 			page 1


   1              		.cpu cortex-m4
   2              		.arch armv7e-m
   3              		.fpu fpv4-sp-d16
   4              		.eabi_attribute 27, 1
   5              		.eabi_attribute 28, 1
   6              		.eabi_attribute 20, 1
   7              		.eabi_attribute 21, 1
   8              		.eabi_attribute 23, 3
   9              		.eabi_attribute 24, 1
  10              		.eabi_attribute 25, 1
  11              		.eabi_attribute 26, 1
  12              		.eabi_attribute 30, 1
  13              		.eabi_attribute 34, 1
  14              		.eabi_attribute 18, 4
  15              		.file	"stm32f4xx_hal_msp.c"
  16              		.text
  17              	.Ltext0:
  18              		.cfi_sections	.debug_frame
  19              		.file 1 "Core/Src/stm32f4xx_hal_msp.c"
  20              		.section	.text.HAL_MspInit,"ax",%progbits
  21              		.align	1
  22              		.global	HAL_MspInit
  23              		.syntax unified
  24              		.thumb
  25              		.thumb_func
  27              	HAL_MspInit:
  28              	.LFB134:
   1:Core/Src/stm32f4xx_hal_msp.c **** /* USER CODE BEGIN Header */
   2:Core/Src/stm32f4xx_hal_msp.c **** /**
   3:Core/Src/stm32f4xx_hal_msp.c ****   ******************************************************************************
   4:Core/Src/stm32f4xx_hal_msp.c ****   * @file         stm32f4xx_hal_msp.c
   5:Core/Src/stm32f4xx_hal_msp.c ****   * @brief        This file provides code for the MSP Initialization
   6:Core/Src/stm32f4xx_hal_msp.c ****   *               and de-Initialization codes.
   7:Core/Src/stm32f4xx_hal_msp.c ****   ******************************************************************************
   8:Core/Src/stm32f4xx_hal_msp.c ****   * @attention
   9:Core/Src/stm32f4xx_hal_msp.c ****   *
  10:Core/Src/stm32f4xx_hal_msp.c ****   * Copyright (c) 2025 STMicroelectronics.
  11:Core/Src/stm32f4xx_hal_msp.c ****   * All rights reserved.
  12:Core/Src/stm32f4xx_hal_msp.c ****   *
  13:Core/Src/stm32f4xx_hal_msp.c ****   * This software is licensed under terms that can be found in the LICENSE file
  14:Core/Src/stm32f4xx_hal_msp.c ****   * in the root directory of this software component.
  15:Core/Src/stm32f4xx_hal_msp.c ****   * If no LICENSE file comes with this software, it is provided AS-IS.
  16:Core/Src/stm32f4xx_hal_msp.c ****   *
  17:Core/Src/stm32f4xx_hal_msp.c ****   ******************************************************************************
  18:Core/Src/stm32f4xx_hal_msp.c ****   */
  19:Core/Src/stm32f4xx_hal_msp.c **** /* USER CODE END Header */
  20:Core/Src/stm32f4xx_hal_msp.c **** 
  21:Core/Src/stm32f4xx_hal_msp.c **** /* Includes ------------------------------------------------------------------*/
  22:Core/Src/stm32f4xx_hal_msp.c **** #include "main.h"
  23:Core/Src/stm32f4xx_hal_msp.c **** /* USER CODE BEGIN Includes */
  24:Core/Src/stm32f4xx_hal_msp.c **** 
  25:Core/Src/stm32f4xx_hal_msp.c **** /* USER CODE END Includes */
  26:Core/Src/stm32f4xx_hal_msp.c **** 
  27:Core/Src/stm32f4xx_hal_msp.c **** /* Private typedef -----------------------------------------------------------*/
  28:Core/Src/stm32f4xx_hal_msp.c **** /* USER CODE BEGIN TD */
  29:Core/Src/stm32f4xx_hal_msp.c **** 
  30:Core/Src/stm32f4xx_hal_msp.c **** /* USER CODE END TD */
ARM GAS  C:\Users\victo\AppData\Local\Temp\ccfV08Qi.s 			page 2


  31:Core/Src/stm32f4xx_hal_msp.c **** 
  32:Core/Src/stm32f4xx_hal_msp.c **** /* Private define ------------------------------------------------------------*/
  33:Core/Src/stm32f4xx_hal_msp.c **** /* USER CODE BEGIN Define */
  34:Core/Src/stm32f4xx_hal_msp.c **** 
  35:Core/Src/stm32f4xx_hal_msp.c **** /* USER CODE END Define */
  36:Core/Src/stm32f4xx_hal_msp.c **** 
  37:Core/Src/stm32f4xx_hal_msp.c **** /* Private macro -------------------------------------------------------------*/
  38:Core/Src/stm32f4xx_hal_msp.c **** /* USER CODE BEGIN Macro */
  39:Core/Src/stm32f4xx_hal_msp.c **** 
  40:Core/Src/stm32f4xx_hal_msp.c **** /* USER CODE END Macro */
  41:Core/Src/stm32f4xx_hal_msp.c **** 
  42:Core/Src/stm32f4xx_hal_msp.c **** /* Private variables ---------------------------------------------------------*/
  43:Core/Src/stm32f4xx_hal_msp.c **** /* USER CODE BEGIN PV */
  44:Core/Src/stm32f4xx_hal_msp.c **** 
  45:Core/Src/stm32f4xx_hal_msp.c **** /* USER CODE END PV */
  46:Core/Src/stm32f4xx_hal_msp.c **** 
  47:Core/Src/stm32f4xx_hal_msp.c **** /* Private function prototypes -----------------------------------------------*/
  48:Core/Src/stm32f4xx_hal_msp.c **** /* USER CODE BEGIN PFP */
  49:Core/Src/stm32f4xx_hal_msp.c **** 
  50:Core/Src/stm32f4xx_hal_msp.c **** /* USER CODE END PFP */
  51:Core/Src/stm32f4xx_hal_msp.c **** 
  52:Core/Src/stm32f4xx_hal_msp.c **** /* External functions --------------------------------------------------------*/
  53:Core/Src/stm32f4xx_hal_msp.c **** /* USER CODE BEGIN ExternalFunctions */
  54:Core/Src/stm32f4xx_hal_msp.c **** 
  55:Core/Src/stm32f4xx_hal_msp.c **** /* USER CODE END ExternalFunctions */
  56:Core/Src/stm32f4xx_hal_msp.c **** 
  57:Core/Src/stm32f4xx_hal_msp.c **** /* USER CODE BEGIN 0 */
  58:Core/Src/stm32f4xx_hal_msp.c **** 
  59:Core/Src/stm32f4xx_hal_msp.c **** /* USER CODE END 0 */
  60:Core/Src/stm32f4xx_hal_msp.c **** /**
  61:Core/Src/stm32f4xx_hal_msp.c ****   * Initializes the Global MSP.
  62:Core/Src/stm32f4xx_hal_msp.c ****   */
  63:Core/Src/stm32f4xx_hal_msp.c **** void HAL_MspInit(void)
  64:Core/Src/stm32f4xx_hal_msp.c **** {
  29              		.loc 1 64 1 view -0
  30              		.cfi_startproc
  31              		@ args = 0, pretend = 0, frame = 8
  32              		@ frame_needed = 0, uses_anonymous_args = 0
  33 0000 00B5     		push	{lr}
  34              		.cfi_def_cfa_offset 4
  35              		.cfi_offset 14, -4
  36 0002 83B0     		sub	sp, sp, #12
  37              		.cfi_def_cfa_offset 16
  65:Core/Src/stm32f4xx_hal_msp.c **** 
  66:Core/Src/stm32f4xx_hal_msp.c ****   /* USER CODE BEGIN MspInit 0 */
  67:Core/Src/stm32f4xx_hal_msp.c **** 
  68:Core/Src/stm32f4xx_hal_msp.c ****   /* USER CODE END MspInit 0 */
  69:Core/Src/stm32f4xx_hal_msp.c **** 
  70:Core/Src/stm32f4xx_hal_msp.c ****   __HAL_RCC_SYSCFG_CLK_ENABLE();
  38              		.loc 1 70 3 view .LVU1
  39              	.LBB2:
  40              		.loc 1 70 3 view .LVU2
  41 0004 0021     		movs	r1, #0
  42 0006 0091     		str	r1, [sp]
  43              		.loc 1 70 3 view .LVU3
  44 0008 0C4B     		ldr	r3, .L3
  45 000a 5A6C     		ldr	r2, [r3, #68]
ARM GAS  C:\Users\victo\AppData\Local\Temp\ccfV08Qi.s 			page 3


  46 000c 42F48042 		orr	r2, r2, #16384
  47 0010 5A64     		str	r2, [r3, #68]
  48              		.loc 1 70 3 view .LVU4
  49 0012 5A6C     		ldr	r2, [r3, #68]
  50 0014 02F48042 		and	r2, r2, #16384
  51 0018 0092     		str	r2, [sp]
  52              		.loc 1 70 3 view .LVU5
  53 001a 009A     		ldr	r2, [sp]
  54              	.LBE2:
  55              		.loc 1 70 3 view .LVU6
  71:Core/Src/stm32f4xx_hal_msp.c ****   __HAL_RCC_PWR_CLK_ENABLE();
  56              		.loc 1 71 3 view .LVU7
  57              	.LBB3:
  58              		.loc 1 71 3 view .LVU8
  59 001c 0191     		str	r1, [sp, #4]
  60              		.loc 1 71 3 view .LVU9
  61 001e 1A6C     		ldr	r2, [r3, #64]
  62 0020 42F08052 		orr	r2, r2, #268435456
  63 0024 1A64     		str	r2, [r3, #64]
  64              		.loc 1 71 3 view .LVU10
  65 0026 1B6C     		ldr	r3, [r3, #64]
  66 0028 03F08053 		and	r3, r3, #268435456
  67 002c 0193     		str	r3, [sp, #4]
  68              		.loc 1 71 3 view .LVU11
  69 002e 019B     		ldr	r3, [sp, #4]
  70              	.LBE3:
  71              		.loc 1 71 3 view .LVU12
  72:Core/Src/stm32f4xx_hal_msp.c **** 
  73:Core/Src/stm32f4xx_hal_msp.c ****   HAL_NVIC_SetPriorityGrouping(NVIC_PRIORITYGROUP_0);
  72              		.loc 1 73 3 view .LVU13
  73 0030 0720     		movs	r0, #7
  74 0032 FFF7FEFF 		bl	HAL_NVIC_SetPriorityGrouping
  75              	.LVL0:
  74:Core/Src/stm32f4xx_hal_msp.c **** 
  75:Core/Src/stm32f4xx_hal_msp.c ****   /* System interrupt init*/
  76:Core/Src/stm32f4xx_hal_msp.c **** 
  77:Core/Src/stm32f4xx_hal_msp.c ****   /* USER CODE BEGIN MspInit 1 */
  78:Core/Src/stm32f4xx_hal_msp.c **** 
  79:Core/Src/stm32f4xx_hal_msp.c ****   /* USER CODE END MspInit 1 */
  80:Core/Src/stm32f4xx_hal_msp.c **** }
  76              		.loc 1 80 1 is_stmt 0 view .LVU14
  77 0036 03B0     		add	sp, sp, #12
  78              		.cfi_def_cfa_offset 4
  79              		@ sp needed
  80 0038 5DF804FB 		ldr	pc, [sp], #4
  81              	.L4:
  82              		.align	2
  83              	.L3:
  84 003c 00380240 		.word	1073887232
  85              		.cfi_endproc
  86              	.LFE134:
  88              		.section	.text.HAL_UART_MspInit,"ax",%progbits
  89              		.align	1
  90              		.global	HAL_UART_MspInit
  91              		.syntax unified
  92              		.thumb
  93              		.thumb_func
ARM GAS  C:\Users\victo\AppData\Local\Temp\ccfV08Qi.s 			page 4


  95              	HAL_UART_MspInit:
  96              	.LVL1:
  97              	.LFB135:
  81:Core/Src/stm32f4xx_hal_msp.c **** 
  82:Core/Src/stm32f4xx_hal_msp.c **** /**
  83:Core/Src/stm32f4xx_hal_msp.c **** * @brief UART MSP Initialization
  84:Core/Src/stm32f4xx_hal_msp.c **** * This function configures the hardware resources used in this example
  85:Core/Src/stm32f4xx_hal_msp.c **** * @param huart: UART handle pointer
  86:Core/Src/stm32f4xx_hal_msp.c **** * @retval None
  87:Core/Src/stm32f4xx_hal_msp.c **** */
  88:Core/Src/stm32f4xx_hal_msp.c **** void HAL_UART_MspInit(UART_HandleTypeDef* huart)
  89:Core/Src/stm32f4xx_hal_msp.c **** {
  98              		.loc 1 89 1 is_stmt 1 view -0
  99              		.cfi_startproc
 100              		@ args = 0, pretend = 0, frame = 32
 101              		@ frame_needed = 0, uses_anonymous_args = 0
 102              		.loc 1 89 1 is_stmt 0 view .LVU16
 103 0000 00B5     		push	{lr}
 104              		.cfi_def_cfa_offset 4
 105              		.cfi_offset 14, -4
 106 0002 89B0     		sub	sp, sp, #36
 107              		.cfi_def_cfa_offset 40
  90:Core/Src/stm32f4xx_hal_msp.c ****   GPIO_InitTypeDef GPIO_InitStruct = {0};
 108              		.loc 1 90 3 is_stmt 1 view .LVU17
 109              		.loc 1 90 20 is_stmt 0 view .LVU18
 110 0004 0023     		movs	r3, #0
 111 0006 0393     		str	r3, [sp, #12]
 112 0008 0493     		str	r3, [sp, #16]
 113 000a 0593     		str	r3, [sp, #20]
 114 000c 0693     		str	r3, [sp, #24]
 115 000e 0793     		str	r3, [sp, #28]
  91:Core/Src/stm32f4xx_hal_msp.c ****   if(huart->Instance==USART2)
 116              		.loc 1 91 3 is_stmt 1 view .LVU19
 117              		.loc 1 91 11 is_stmt 0 view .LVU20
 118 0010 0268     		ldr	r2, [r0]
 119              		.loc 1 91 5 view .LVU21
 120 0012 154B     		ldr	r3, .L9
 121 0014 9A42     		cmp	r2, r3
 122 0016 02D0     		beq	.L8
 123              	.LVL2:
 124              	.L5:
  92:Core/Src/stm32f4xx_hal_msp.c ****   {
  93:Core/Src/stm32f4xx_hal_msp.c ****   /* USER CODE BEGIN USART2_MspInit 0 */
  94:Core/Src/stm32f4xx_hal_msp.c **** 
  95:Core/Src/stm32f4xx_hal_msp.c ****   /* USER CODE END USART2_MspInit 0 */
  96:Core/Src/stm32f4xx_hal_msp.c ****     /* Peripheral clock enable */
  97:Core/Src/stm32f4xx_hal_msp.c ****     __HAL_RCC_USART2_CLK_ENABLE();
  98:Core/Src/stm32f4xx_hal_msp.c **** 
  99:Core/Src/stm32f4xx_hal_msp.c ****     __HAL_RCC_GPIOA_CLK_ENABLE();
 100:Core/Src/stm32f4xx_hal_msp.c ****     /**USART2 GPIO Configuration
 101:Core/Src/stm32f4xx_hal_msp.c ****     PA2     ------> USART2_TX
 102:Core/Src/stm32f4xx_hal_msp.c ****     PA3     ------> USART2_RX
 103:Core/Src/stm32f4xx_hal_msp.c ****     */
 104:Core/Src/stm32f4xx_hal_msp.c ****     GPIO_InitStruct.Pin = USART_TX_Pin|USART_RX_Pin;
 105:Core/Src/stm32f4xx_hal_msp.c ****     GPIO_InitStruct.Mode = GPIO_MODE_AF_PP;
 106:Core/Src/stm32f4xx_hal_msp.c ****     GPIO_InitStruct.Pull = GPIO_NOPULL;
 107:Core/Src/stm32f4xx_hal_msp.c ****     GPIO_InitStruct.Speed = GPIO_SPEED_FREQ_VERY_HIGH;
ARM GAS  C:\Users\victo\AppData\Local\Temp\ccfV08Qi.s 			page 5


 108:Core/Src/stm32f4xx_hal_msp.c ****     GPIO_InitStruct.Alternate = GPIO_AF7_USART2;
 109:Core/Src/stm32f4xx_hal_msp.c ****     HAL_GPIO_Init(GPIOA, &GPIO_InitStruct);
 110:Core/Src/stm32f4xx_hal_msp.c **** 
 111:Core/Src/stm32f4xx_hal_msp.c ****   /* USER CODE BEGIN USART2_MspInit 1 */
 112:Core/Src/stm32f4xx_hal_msp.c **** 
 113:Core/Src/stm32f4xx_hal_msp.c ****   /* USER CODE END USART2_MspInit 1 */
 114:Core/Src/stm32f4xx_hal_msp.c **** 
 115:Core/Src/stm32f4xx_hal_msp.c ****   }
 116:Core/Src/stm32f4xx_hal_msp.c **** 
 117:Core/Src/stm32f4xx_hal_msp.c **** }
 125              		.loc 1 117 1 view .LVU22
 126 0018 09B0     		add	sp, sp, #36
 127              		.cfi_remember_state
 128              		.cfi_def_cfa_offset 4
 129              		@ sp needed
 130 001a 5DF804FB 		ldr	pc, [sp], #4
 131              	.LVL3:
 132              	.L8:
 133              		.cfi_restore_state
  97:Core/Src/stm32f4xx_hal_msp.c **** 
 134              		.loc 1 97 5 is_stmt 1 view .LVU23
 135              	.LBB4:
  97:Core/Src/stm32f4xx_hal_msp.c **** 
 136              		.loc 1 97 5 view .LVU24
 137 001e 0021     		movs	r1, #0
 138 0020 0191     		str	r1, [sp, #4]
  97:Core/Src/stm32f4xx_hal_msp.c **** 
 139              		.loc 1 97 5 view .LVU25
 140 0022 03F5FA33 		add	r3, r3, #128000
 141 0026 1A6C     		ldr	r2, [r3, #64]
 142 0028 42F40032 		orr	r2, r2, #131072
 143 002c 1A64     		str	r2, [r3, #64]
  97:Core/Src/stm32f4xx_hal_msp.c **** 
 144              		.loc 1 97 5 view .LVU26
 145 002e 1A6C     		ldr	r2, [r3, #64]
 146 0030 02F40032 		and	r2, r2, #131072
 147 0034 0192     		str	r2, [sp, #4]
  97:Core/Src/stm32f4xx_hal_msp.c **** 
 148              		.loc 1 97 5 view .LVU27
 149 0036 019A     		ldr	r2, [sp, #4]
 150              	.LBE4:
  97:Core/Src/stm32f4xx_hal_msp.c **** 
 151              		.loc 1 97 5 view .LVU28
  99:Core/Src/stm32f4xx_hal_msp.c ****     /**USART2 GPIO Configuration
 152              		.loc 1 99 5 view .LVU29
 153              	.LBB5:
  99:Core/Src/stm32f4xx_hal_msp.c ****     /**USART2 GPIO Configuration
 154              		.loc 1 99 5 view .LVU30
 155 0038 0291     		str	r1, [sp, #8]
  99:Core/Src/stm32f4xx_hal_msp.c ****     /**USART2 GPIO Configuration
 156              		.loc 1 99 5 view .LVU31
 157 003a 1A6B     		ldr	r2, [r3, #48]
 158 003c 42F00102 		orr	r2, r2, #1
 159 0040 1A63     		str	r2, [r3, #48]
  99:Core/Src/stm32f4xx_hal_msp.c ****     /**USART2 GPIO Configuration
 160              		.loc 1 99 5 view .LVU32
 161 0042 1B6B     		ldr	r3, [r3, #48]
ARM GAS  C:\Users\victo\AppData\Local\Temp\ccfV08Qi.s 			page 6


 162 0044 03F00103 		and	r3, r3, #1
 163 0048 0293     		str	r3, [sp, #8]
  99:Core/Src/stm32f4xx_hal_msp.c ****     /**USART2 GPIO Configuration
 164              		.loc 1 99 5 view .LVU33
 165 004a 029B     		ldr	r3, [sp, #8]
 166              	.LBE5:
  99:Core/Src/stm32f4xx_hal_msp.c ****     /**USART2 GPIO Configuration
 167              		.loc 1 99 5 view .LVU34
 104:Core/Src/stm32f4xx_hal_msp.c ****     GPIO_InitStruct.Mode = GPIO_MODE_AF_PP;
 168              		.loc 1 104 5 view .LVU35
 104:Core/Src/stm32f4xx_hal_msp.c ****     GPIO_InitStruct.Mode = GPIO_MODE_AF_PP;
 169              		.loc 1 104 25 is_stmt 0 view .LVU36
 170 004c 0C23     		movs	r3, #12
 171 004e 0393     		str	r3, [sp, #12]
 105:Core/Src/stm32f4xx_hal_msp.c ****     GPIO_InitStruct.Pull = GPIO_NOPULL;
 172              		.loc 1 105 5 is_stmt 1 view .LVU37
 105:Core/Src/stm32f4xx_hal_msp.c ****     GPIO_InitStruct.Pull = GPIO_NOPULL;
 173              		.loc 1 105 26 is_stmt 0 view .LVU38
 174 0050 0223     		movs	r3, #2
 175 0052 0493     		str	r3, [sp, #16]
 106:Core/Src/stm32f4xx_hal_msp.c ****     GPIO_InitStruct.Speed = GPIO_SPEED_FREQ_VERY_HIGH;
 176              		.loc 1 106 5 is_stmt 1 view .LVU39
 107:Core/Src/stm32f4xx_hal_msp.c ****     GPIO_InitStruct.Alternate = GPIO_AF7_USART2;
 177              		.loc 1 107 5 view .LVU40
 107:Core/Src/stm32f4xx_hal_msp.c ****     GPIO_InitStruct.Alternate = GPIO_AF7_USART2;
 178              		.loc 1 107 27 is_stmt 0 view .LVU41
 179 0054 0323     		movs	r3, #3
 180 0056 0693     		str	r3, [sp, #24]
 108:Core/Src/stm32f4xx_hal_msp.c ****     HAL_GPIO_Init(GPIOA, &GPIO_InitStruct);
 181              		.loc 1 108 5 is_stmt 1 view .LVU42
 108:Core/Src/stm32f4xx_hal_msp.c ****     HAL_GPIO_Init(GPIOA, &GPIO_InitStruct);
 182              		.loc 1 108 31 is_stmt 0 view .LVU43
 183 0058 0723     		movs	r3, #7
 184 005a 0793     		str	r3, [sp, #28]
 109:Core/Src/stm32f4xx_hal_msp.c **** 
 185              		.loc 1 109 5 is_stmt 1 view .LVU44
 186 005c 03A9     		add	r1, sp, #12
 187 005e 0348     		ldr	r0, .L9+4
 188              	.LVL4:
 109:Core/Src/stm32f4xx_hal_msp.c **** 
 189              		.loc 1 109 5 is_stmt 0 view .LVU45
 190 0060 FFF7FEFF 		bl	HAL_GPIO_Init
 191              	.LVL5:
 192              		.loc 1 117 1 view .LVU46
 193 0064 D8E7     		b	.L5
 194              	.L10:
 195 0066 00BF     		.align	2
 196              	.L9:
 197 0068 00440040 		.word	1073759232
 198 006c 00000240 		.word	1073872896
 199              		.cfi_endproc
 200              	.LFE135:
 202              		.section	.text.HAL_UART_MspDeInit,"ax",%progbits
 203              		.align	1
 204              		.global	HAL_UART_MspDeInit
 205              		.syntax unified
 206              		.thumb
ARM GAS  C:\Users\victo\AppData\Local\Temp\ccfV08Qi.s 			page 7


 207              		.thumb_func
 209              	HAL_UART_MspDeInit:
 210              	.LVL6:
 211              	.LFB136:
 118:Core/Src/stm32f4xx_hal_msp.c **** 
 119:Core/Src/stm32f4xx_hal_msp.c **** /**
 120:Core/Src/stm32f4xx_hal_msp.c **** * @brief UART MSP De-Initialization
 121:Core/Src/stm32f4xx_hal_msp.c **** * This function freeze the hardware resources used in this example
 122:Core/Src/stm32f4xx_hal_msp.c **** * @param huart: UART handle pointer
 123:Core/Src/stm32f4xx_hal_msp.c **** * @retval None
 124:Core/Src/stm32f4xx_hal_msp.c **** */
 125:Core/Src/stm32f4xx_hal_msp.c **** void HAL_UART_MspDeInit(UART_HandleTypeDef* huart)
 126:Core/Src/stm32f4xx_hal_msp.c **** {
 212              		.loc 1 126 1 is_stmt 1 view -0
 213              		.cfi_startproc
 214              		@ args = 0, pretend = 0, frame = 0
 215              		@ frame_needed = 0, uses_anonymous_args = 0
 216              		.loc 1 126 1 is_stmt 0 view .LVU48
 217 0000 08B5     		push	{r3, lr}
 218              		.cfi_def_cfa_offset 8
 219              		.cfi_offset 3, -8
 220              		.cfi_offset 14, -4
 127:Core/Src/stm32f4xx_hal_msp.c ****   if(huart->Instance==USART2)
 221              		.loc 1 127 3 is_stmt 1 view .LVU49
 222              		.loc 1 127 11 is_stmt 0 view .LVU50
 223 0002 0268     		ldr	r2, [r0]
 224              		.loc 1 127 5 view .LVU51
 225 0004 064B     		ldr	r3, .L15
 226 0006 9A42     		cmp	r2, r3
 227 0008 00D0     		beq	.L14
 228              	.LVL7:
 229              	.L11:
 128:Core/Src/stm32f4xx_hal_msp.c ****   {
 129:Core/Src/stm32f4xx_hal_msp.c ****   /* USER CODE BEGIN USART2_MspDeInit 0 */
 130:Core/Src/stm32f4xx_hal_msp.c **** 
 131:Core/Src/stm32f4xx_hal_msp.c ****   /* USER CODE END USART2_MspDeInit 0 */
 132:Core/Src/stm32f4xx_hal_msp.c ****     /* Peripheral clock disable */
 133:Core/Src/stm32f4xx_hal_msp.c ****     __HAL_RCC_USART2_CLK_DISABLE();
 134:Core/Src/stm32f4xx_hal_msp.c **** 
 135:Core/Src/stm32f4xx_hal_msp.c ****     /**USART2 GPIO Configuration
 136:Core/Src/stm32f4xx_hal_msp.c ****     PA2     ------> USART2_TX
 137:Core/Src/stm32f4xx_hal_msp.c ****     PA3     ------> USART2_RX
 138:Core/Src/stm32f4xx_hal_msp.c ****     */
 139:Core/Src/stm32f4xx_hal_msp.c ****     HAL_GPIO_DeInit(GPIOA, USART_TX_Pin|USART_RX_Pin);
 140:Core/Src/stm32f4xx_hal_msp.c **** 
 141:Core/Src/stm32f4xx_hal_msp.c ****   /* USER CODE BEGIN USART2_MspDeInit 1 */
 142:Core/Src/stm32f4xx_hal_msp.c **** 
 143:Core/Src/stm32f4xx_hal_msp.c ****   /* USER CODE END USART2_MspDeInit 1 */
 144:Core/Src/stm32f4xx_hal_msp.c ****   }
 145:Core/Src/stm32f4xx_hal_msp.c **** 
 146:Core/Src/stm32f4xx_hal_msp.c **** }
 230              		.loc 1 146 1 view .LVU52
 231 000a 08BD     		pop	{r3, pc}
 232              	.LVL8:
 233              	.L14:
 133:Core/Src/stm32f4xx_hal_msp.c **** 
 234              		.loc 1 133 5 is_stmt 1 view .LVU53
ARM GAS  C:\Users\victo\AppData\Local\Temp\ccfV08Qi.s 			page 8


 235 000c 054A     		ldr	r2, .L15+4
 236 000e 136C     		ldr	r3, [r2, #64]
 237 0010 23F40033 		bic	r3, r3, #131072
 238 0014 1364     		str	r3, [r2, #64]
 139:Core/Src/stm32f4xx_hal_msp.c **** 
 239              		.loc 1 139 5 view .LVU54
 240 0016 0C21     		movs	r1, #12
 241 0018 0348     		ldr	r0, .L15+8
 242              	.LVL9:
 139:Core/Src/stm32f4xx_hal_msp.c **** 
 243              		.loc 1 139 5 is_stmt 0 view .LVU55
 244 001a FFF7FEFF 		bl	HAL_GPIO_DeInit
 245              	.LVL10:
 246              		.loc 1 146 1 view .LVU56
 247 001e F4E7     		b	.L11
 248              	.L16:
 249              		.align	2
 250              	.L15:
 251 0020 00440040 		.word	1073759232
 252 0024 00380240 		.word	1073887232
 253 0028 00000240 		.word	1073872896
 254              		.cfi_endproc
 255              	.LFE136:
 257              		.text
 258              	.Letext0:
 259              		.file 2 "C:/Users/victo/AppData/Roaming/Code/User/globalStorage/bmd.stm32-for-vscode/@xpack-dev-to
 260              		.file 3 "C:/Users/victo/AppData/Roaming/Code/User/globalStorage/bmd.stm32-for-vscode/@xpack-dev-to
 261              		.file 4 "Drivers/CMSIS/Device/ST/STM32F4xx/Include/stm32f446xx.h"
 262              		.file 5 "Drivers/STM32F4xx_HAL_Driver/Inc/stm32f4xx_hal_def.h"
 263              		.file 6 "Drivers/STM32F4xx_HAL_Driver/Inc/stm32f4xx_hal_gpio.h"
 264              		.file 7 "Drivers/STM32F4xx_HAL_Driver/Inc/stm32f4xx_hal_dma.h"
 265              		.file 8 "Drivers/STM32F4xx_HAL_Driver/Inc/stm32f4xx_hal_uart.h"
 266              		.file 9 "Drivers/STM32F4xx_HAL_Driver/Inc/stm32f4xx_hal_cortex.h"
ARM GAS  C:\Users\victo\AppData\Local\Temp\ccfV08Qi.s 			page 9


DEFINED SYMBOLS
                            *ABS*:00000000 stm32f4xx_hal_msp.c
C:\Users\victo\AppData\Local\Temp\ccfV08Qi.s:21     .text.HAL_MspInit:00000000 $t
C:\Users\victo\AppData\Local\Temp\ccfV08Qi.s:27     .text.HAL_MspInit:00000000 HAL_MspInit
C:\Users\victo\AppData\Local\Temp\ccfV08Qi.s:84     .text.HAL_MspInit:0000003c $d
C:\Users\victo\AppData\Local\Temp\ccfV08Qi.s:89     .text.HAL_UART_MspInit:00000000 $t
C:\Users\victo\AppData\Local\Temp\ccfV08Qi.s:95     .text.HAL_UART_MspInit:00000000 HAL_UART_MspInit
C:\Users\victo\AppData\Local\Temp\ccfV08Qi.s:197    .text.HAL_UART_MspInit:00000068 $d
C:\Users\victo\AppData\Local\Temp\ccfV08Qi.s:203    .text.HAL_UART_MspDeInit:00000000 $t
C:\Users\victo\AppData\Local\Temp\ccfV08Qi.s:209    .text.HAL_UART_MspDeInit:00000000 HAL_UART_MspDeInit
C:\Users\victo\AppData\Local\Temp\ccfV08Qi.s:251    .text.HAL_UART_MspDeInit:00000020 $d

UNDEFINED SYMBOLS
HAL_NVIC_SetPriorityGrouping
HAL_GPIO_Init
HAL_GPIO_DeInit
